生成启动时间为 2016/6/10 16:09:24。
     1>项目“C:\Users\rccoder\documents\visual studio 2013\Projects\experiment4\experiment4\experiment4.vcxproj”在节点 2 上(Build 个目标)。
     1>ClCompile:
         C:\Program Files (x86)\Microsoft Visual Studio 12.0\VC\bin\CL.exe /c /ZI /nologo /W3 /WX- /sdl /Od /Oy- /D _CRT_SECURE_NO_WARNINGS /D _MBCS /Gm /EHsc /RTC1 /MDd /GS /fp:precise /Zc:wchar_t /Zc:forScope /Fo"Debug\\" /Fd"Debug\vc120.pdb" /Gd /TP /analyze- /errorReport:prompt main.cpp
         main.cpp
     1>c:\users\rccoder\documents\visual studio 2013\projects\experiment4\experiment4\main.cpp(580): warning C4101: “a”: 未引用的局部变量
     1>c:\users\rccoder\documents\visual studio 2013\projects\experiment4\experiment4\main.cpp(580): warning C4101: “i”: 未引用的局部变量
     1>c:\users\rccoder\documents\visual studio 2013\projects\experiment4\experiment4\main.cpp(582): warning C4101: “disk_blk”: 未引用的局部变量
     1>c:\users\rccoder\documents\visual studio 2013\projects\experiment4\experiment4\main.cpp(580): warning C4101: “b”: 未引用的局部变量
     1>c:\users\rccoder\documents\visual studio 2013\projects\experiment4\experiment4\main.cpp(580): warning C4101: “d”: 未引用的局部变量
     1>c:\users\rccoder\documents\visual studio 2013\projects\experiment4\experiment4\main.cpp(580): warning C4101: “c”: 未引用的局部变量
     1>c:\users\rccoder\documents\visual studio 2013\projects\experiment4\experiment4\main.cpp(580): warning C4101: “j”: 未引用的局部变量
     1>c:\users\rccoder\documents\visual studio 2013\projects\experiment4\experiment4\main.cpp(1080): warning C4101: “wrA_blk”: 未引用的局部变量
     1>c:\users\rccoder\documents\visual studio 2013\projects\experiment4\experiment4\main.cpp(1079): warning C4101: “a”: 未引用的局部变量
     1>c:\users\rccoder\documents\visual studio 2013\projects\experiment4\experiment4\main.cpp(1078): warning C4101: “rj”: 未引用的局部变量
     1>c:\users\rccoder\documents\visual studio 2013\projects\experiment4\experiment4\main.cpp(1078): warning C4101: “ri”: 未引用的局部变量
     1>c:\users\rccoder\documents\visual studio 2013\projects\experiment4\experiment4\main.cpp(1079): warning C4101: “b”: 未引用的局部变量
     1>c:\users\rccoder\documents\visual studio 2013\projects\experiment4\experiment4\main.cpp(1080): warning C4101: “s_blk”: 未引用的局部变量
       Link:
         C:\Program Files (x86)\Microsoft Visual Studio 12.0\VC\bin\link.exe /ERRORREPORT:PROMPT /OUT:"C:\Users\rccoder\documents\visual studio 2013\Projects\experiment4\Debug\experiment4.exe" /INCREMENTAL /NOLOGO kernel32.lib user32.lib gdi32.lib winspool.lib comdlg32.lib advapi32.lib shell32.lib ole32.lib oleaut32.lib uuid.lib odbc32.lib odbccp32.lib /MANIFEST /MANIFESTUAC:"level='asInvoker' uiAccess='false'" /manifest:embed /DEBUG /PDB:"C:\Users\rccoder\documents\visual studio 2013\Projects\experiment4\Debug\experiment4.pdb" /SUBSYSTEM:CONSOLE /TLBID:1 /DYNAMICBASE /NXCOMPAT /IMPLIB:"C:\Users\rccoder\documents\visual studio 2013\Projects\experiment4\Debug\experiment4.lib" /MACHINE:X86 Debug\extmem.obj
         Debug\main.obj
         Debug\t.obj
         Debug\test.obj
         experiment4.vcxproj -> C:\Users\rccoder\documents\visual studio 2013\Projects\experiment4\Debug\experiment4.exe
     1>已完成生成项目“C:\Users\rccoder\documents\visual studio 2013\Projects\experiment4\experiment4\experiment4.vcxproj”(Build 个目标)的操作。

生成成功。

已用时间 00:00:00.48
